[debug] [2019-02-04T19:11:35.567Z] ----------------------------------------------------------------------
[debug] [2019-02-04T19:11:35.572Z] Command:       C:\Program Files\nodejs\node.exe C:\Users\toddh\AppData\Roaming\npm\node_modules\firebase-tools\lib\bin\firebase.js deploy --project place-finder-22e42
[debug] [2019-02-04T19:11:35.572Z] CLI Version:   6.3.1
[debug] [2019-02-04T19:11:35.572Z] Platform:      win32
[debug] [2019-02-04T19:11:35.572Z] Node Version:  v11.6.0
[debug] [2019-02-04T19:11:35.573Z] Time:          Tue Feb 05 2019 08:11:35 GMT+1300 (New Zealand Daylight Time)
[debug] [2019-02-04T19:11:35.574Z] ----------------------------------------------------------------------
[debug] 
[warn] !  JSON error trying to load D:\Github\react-native-place-finder-app\.firebaserc
[debug] [2019-02-04T19:11:35.595Z] > command requires scopes: ["email","openid","https://www.googleapis.com/auth/cloudplatformprojects.readonly","https://www.googleapis.com/auth/firebase","https://www.googleapis.com/auth/cloud-platform"]
[debug] [2019-02-04T19:11:35.595Z] > authorizing via signed-in user
[debug] [2019-02-04T19:11:35.595Z] [iam] checking project place-finder-22e42 for permissions ["cloudfunctions.functions.create","cloudfunctions.functions.delete","cloudfunctions.functions.get","cloudfunctions.functions.list","cloudfunctions.functions.update","cloudfunctions.operations.get","firebase.projects.get"]
[debug] [2019-02-04T19:11:35.598Z] >>> HTTP REQUEST POST https://cloudresourcemanager.googleapis.com/v1/projects/place-finder-22e42:testIamPermissions  

[debug] [2019-02-04T19:11:37.038Z] <<< HTTP RESPONSE 200
[info] 
[info] === Deploying to 'place-finder-22e42'...
[info] 
[info] i  deploying functions
[info] Running command: npm --prefix "$RESOURCE_DIR" run lint
[info] +  functions: Finished running predeploy script.
[debug] [2019-02-04T19:11:41.412Z] > [functions] package.json contents: {
  "name": "functions",
  "description": "Cloud Functions for Firebase",
  "scripts": {
    "lint": "eslint .",
    "serve": "firebase serve --only functions",
    "shell": "firebase functions:shell",
    "start": "npm run shell",
    "deploy": "firebase deploy --only functions",
    "logs": "firebase functions:log"
  },
  "dependencies": {
    "@google-cloud/storage": "^1.7",
    "cors": "^2.8.5",
    "firebase-admin": "~7.0.0",
    "firebase-functions": "^2.2.0",
    "uuid-v4": "^0.1.0"
  },
  "devDependencies": {
    "eslint": "^5.12.0",
    "eslint-plugin-promise": "^4.0.1"
  },
  "private": true
}
[info] i  functions: ensuring necessary APIs are enabled...
[debug] [2019-02-04T19:11:41.413Z] >>> HTTP REQUEST GET https://servicemanagement.googleapis.com/v1/services/cloudfunctions.googleapis.com/projectSettings/place-finder-22e42?view=CONSUMER_VIEW  
 
[debug] [2019-02-04T19:11:41.414Z] >>> HTTP REQUEST GET https://servicemanagement.googleapis.com/v1/services/runtimeconfig.googleapis.com/projectSettings/place-finder-22e42?view=CONSUMER_VIEW  
 
[debug] [2019-02-04T19:11:43.304Z] <<< HTTP RESPONSE 200
[debug] [2019-02-04T19:11:43.361Z] <<< HTTP RESPONSE 200
[info] +  functions: all necessary APIs are enabled
[debug] [2019-02-04T19:11:43.362Z] >>> HTTP REQUEST GET https://cloudresourcemanager.googleapis.com/v1/projects/place-finder-22e42  
 
[debug] [2019-02-04T19:11:44.671Z] <<< HTTP RESPONSE 200
[debug] [2019-02-04T19:11:44.672Z] >>> HTTP REQUEST GET https://mobilesdk-pa.googleapis.com/v1/projects/197304175740:getServerAppConfig  
 
[debug] [2019-02-04T19:11:45.239Z] <<< HTTP RESPONSE 200
[info] i  functions: preparing functions directory for uploading...
[debug] [2019-02-04T19:11:45.242Z] >>> HTTP REQUEST GET https://runtimeconfig.googleapis.com/v1beta1/projects/place-finder-22e42/configs  
 
[debug] [2019-02-04T19:11:45.842Z] <<< HTTP RESPONSE 200
[info] i  functions: packaged functions (46.57 KB) for uploading
[debug] [2019-02-04T19:11:46.588Z] >>> HTTP REQUEST POST https://cloudfunctions.googleapis.com/v1/projects/place-finder-22e42/locations/us-central1/functions:generateUploadUrl  
 
